<?xml version="1.0" encoding="UTF-8"?>
<testng-results skipped="0" failed="0" ignored="0" total="1" passed="1">
  <reporter-output>
  </reporter-output>
  <suite name="Default suite" duration-ms="595" started-at="2017-01-25T16:21:43Z" finished-at="2017-01-25T16:21:43Z">
    <groups>
    </groups>
    <test name="Default test" duration-ms="595" started-at="2017-01-25T16:21:43Z" finished-at="2017-01-25T16:21:43Z">
      <class name="fr.paris10.miage.procs.calculette.Test.CalculetteTest">
        <test-method status="PASS" signature="setUp()[pri:0, instance:fr.paris10.miage.procs.calculette.Test.CalculetteTest@6cc4c815]" name="setUp" is-config="true" duration-ms="465" started-at="2017-01-25T17:21:43Z" finished-at="2017-01-25T17:21:43Z">
          <reporter-output>
          </reporter-output>
        </test-method> <!-- setUp -->
        <test-method status="PASS" signature="testAdditionner()[pri:0, instance:fr.paris10.miage.procs.calculette.Test.CalculetteTest@6cc4c815]" name="testAdditionner" duration-ms="89" started-at="2017-01-25T17:21:43Z" finished-at="2017-01-25T17:21:43Z">
          <reporter-output>
          </reporter-output>
        </test-method> <!-- testAdditionner -->
        <test-method status="PASS" signature="tearDown()[pri:0, instance:fr.paris10.miage.procs.calculette.Test.CalculetteTest@6cc4c815]" name="tearDown" is-config="true" duration-ms="0" started-at="2017-01-25T17:21:43Z" finished-at="2017-01-25T17:21:43Z">
          <reporter-output>
          </reporter-output>
        </test-method> <!-- tearDown -->
      </class> <!-- fr.paris10.miage.procs.calculette.Test.CalculetteTest -->
    </test> <!-- Default test -->
  </suite> <!-- Default suite -->
</testng-results>
